Arguments: 
  /Users/angelicacolon/.nvm/versions/node/v16.13.0/bin/node /usr/local/bin/yarn add hardhat--dev @nomiclabs/hardhat-ethers@npm:hardhat-deploy-ethers ethers

PATH: 
  /Users/angelicacolon/.nvm/versions/node/v16.13.0/bin:/opt/homebrew/bin:/opt/homebrew/sbin:/usr/local/bin:/usr/bin:/bin:/usr/sbin:/sbin:/Users/angelicacolon/.nvm/versions/node/v16.13.0/bin:/opt/homebrew/bin:/opt/homebrew/sbin:/Users/angelicacolon/.local/bin:/Users/angelicacolon/Library/Python/3.8/bin:/Users/angelicacolon/.local/bin:/Users/angelicacolon/Library/Python/3.8/bin:/Users/angelicacolon/.local/bin:/Users/angelicacolon/Library/Python/3.8/bin

Yarn version: 
  1.22.10

Node version: 
  16.13.0

Platform: 
  darwin arm64

Trace: 
  Error: https://registry.yarnpkg.com/hardhat--dev: Not found
      at Request.params.callback [as _callback] (/usr/local/lib/node_modules/yarn/lib/cli.js:66988:18)
      at Request.self.callback (/usr/local/lib/node_modules/yarn/lib/cli.js:140662:22)
      at Request.emit (node:events:390:28)
      at Request.<anonymous> (/usr/local/lib/node_modules/yarn/lib/cli.js:141634:10)
      at Request.emit (node:events:390:28)
      at IncomingMessage.<anonymous> (/usr/local/lib/node_modules/yarn/lib/cli.js:141556:12)
      at Object.onceWrapper (node:events:509:28)
      at IncomingMessage.emit (node:events:402:35)
      at endReadableNT (node:internal/streams/readable:1343:12)
      at processTicksAndRejections (node:internal/process/task_queues:83:21)

npm manifest: 
  {
    "name": "fund-me",
    "version": "1.0.1",
    "main": "index.js",
    "license": "MIT",
    "dependencies": {
      "@chainlink/contracts": "^0.4.1",
      "@nomiclabs/hardhat-etherscan": "^3.1.0",
      "@nomiclabs/hardhat-waffle": "^2.0.3",
      "chai": "^4.3.6",
      "dotenv": "^16.0.2",
      "ethers": "^5.7.1",
      "hardhat-deploy": "^0.11.15",
      "hardhat-gas-reporter": "^1.0.9",
      "solidity-coverage": "^0.8.2"
    },
    "scripts": {
      "test": "hardhat test",
      "test:staging": "hardhat test --network rinkeby",
      "lint": "solhint 'contracts/*.sol'",
      "lint:fix": "solhint 'contracts/**/*.sol' --fix",
      "format": "prettier --write .",
      "coverage": "hardhat coverage"
    }
  }

yarn manifest: 
  No manifest

Lockfile: 
  No lockfile
